

Started GET "/" for 127.0.0.1 at 2014-02-25 18:18:41 +0700
Processing by WelcomeController#index as HTML
  Rendered welcome/index.html.erb within layouts/welcome (1.1ms)
Completed 200 OK in 1470ms (Views: 1451.8ms)


Started GET "/assets/welcome/loader.css?body=1" for 127.0.0.1 at 2014-02-25 18:18:42 +0700


Started GET "/assets/welcome.css?body=1" for 127.0.0.1 at 2014-02-25 18:18:42 +0700


Started GET "/assets/welcome/bootswatch.css?body=1" for 127.0.0.1 at 2014-02-25 18:18:42 +0700


Started GET "/assets/jquery_ujs.js?body=1" for 127.0.0.1 at 2014-02-25 18:18:42 +0700


Started GET "/assets/jquery.js?body=1" for 127.0.0.1 at 2014-02-25 18:18:42 +0700


Started GET "/assets/twitter/bootstrap/transition.js?body=1" for 127.0.0.1 at 2014-02-25 18:18:42 +0700


Started GET "/assets/twitter/bootstrap/button.js?body=1" for 127.0.0.1 at 2014-02-25 18:18:42 +0700


Started GET "/assets/twitter/bootstrap/alert.js?body=1" for 127.0.0.1 at 2014-02-25 18:18:42 +0700


Started GET "/assets/twitter/bootstrap/carousel.js?body=1" for 127.0.0.1 at 2014-02-25 18:18:42 +0700


Started GET "/assets/twitter/bootstrap/collapse.js?body=1" for 127.0.0.1 at 2014-02-25 18:18:42 +0700


Started GET "/assets/twitter/bootstrap/dropdown.js?body=1" for 127.0.0.1 at 2014-02-25 18:18:42 +0700


Started GET "/assets/twitter/bootstrap/modal.js?body=1" for 127.0.0.1 at 2014-02-25 18:18:42 +0700


Started GET "/assets/twitter/bootstrap/tooltip.js?body=1" for 127.0.0.1 at 2014-02-25 18:18:42 +0700


Started GET "/assets/twitter/bootstrap/popover.js?body=1" for 127.0.0.1 at 2014-02-25 18:18:42 +0700


Started GET "/assets/twitter/bootstrap/scrollspy.js?body=1" for 127.0.0.1 at 2014-02-25 18:18:42 +0700


Started GET "/assets/twitter/bootstrap/tab.js?body=1" for 127.0.0.1 at 2014-02-25 18:18:43 +0700


Started GET "/assets/twitter/bootstrap/affix.js?body=1" for 127.0.0.1 at 2014-02-25 18:18:43 +0700


Started GET "/assets/welcome/loader.js?body=1" for 127.0.0.1 at 2014-02-25 18:18:43 +0700


Started GET "/assets/welcome/bootswatch.js?body=1" for 127.0.0.1 at 2014-02-25 18:18:43 +0700


Started GET "/assets/welcome.js?body=1" for 127.0.0.1 at 2014-02-25 18:18:43 +0700


Started GET "/users/sign_up" for 127.0.0.1 at 2014-02-25 18:25:51 +0700
Processing by Devise::RegistrationsController#new as HTML
  Rendered devise/shared/_links.erb (1.0ms)
  Rendered devise/registrations/new.html.erb within layouts/application (204.1ms)
Completed 200 OK in 483ms (Views: 459.8ms)


Started GET "/assets/application.css?body=1" for 127.0.0.1 at 2014-02-25 18:25:52 +0700


Started GET "/assets/jquery.js?body=1" for 127.0.0.1 at 2014-02-25 18:25:52 +0700


Started GET "/assets/jquery_ujs.js?body=1" for 127.0.0.1 at 2014-02-25 18:25:52 +0700


Started GET "/assets/turbolinks.js?body=1" for 127.0.0.1 at 2014-02-25 18:25:52 +0700


Started GET "/assets/application.js?body=1" for 127.0.0.1 at 2014-02-25 18:25:52 +0700


Started GET "/users/sign_in" for 127.0.0.1 at 2014-02-25 18:25:57 +0700
Processing by Devise::SessionsController#new as HTML
  Rendered devise/shared/_links.erb (0.7ms)
  Rendered devise/sessions/new.html.erb within layouts/application (130.2ms)
Completed 200 OK in 143ms (Views: 133.7ms)


Started GET "/assets/application.css?body=1" for 127.0.0.1 at 2014-02-25 18:25:58 +0700


Started GET "/assets/jquery.js?body=1" for 127.0.0.1 at 2014-02-25 18:25:58 +0700


Started GET "/assets/jquery_ujs.js?body=1" for 127.0.0.1 at 2014-02-25 18:25:58 +0700


Started GET "/assets/turbolinks.js?body=1" for 127.0.0.1 at 2014-02-25 18:25:58 +0700


Started GET "/assets/application.js?body=1" for 127.0.0.1 at 2014-02-25 18:25:58 +0700


Started GET "/worlds" for 127.0.0.1 at 2014-02-27 23:22:43 +0700

ActionController::RoutingError (No route matches [GET] "/worlds"):
  actionpack (4.0.2) lib/action_dispatch/middleware/debug_exceptions.rb:21:in `call'
  actionpack (4.0.2) lib/action_dispatch/middleware/show_exceptions.rb:30:in `call'
  railties (4.0.2) lib/rails/rack/logger.rb:38:in `call_app'
  railties (4.0.2) lib/rails/rack/logger.rb:20:in `block in call'
  activesupport (4.0.2) lib/active_support/tagged_logging.rb:67:in `block in tagged'
  activesupport (4.0.2) lib/active_support/tagged_logging.rb:25:in `tagged'
  activesupport (4.0.2) lib/active_support/tagged_logging.rb:67:in `tagged'
  railties (4.0.2) lib/rails/rack/logger.rb:20:in `call'
  actionpack (4.0.2) lib/action_dispatch/middleware/request_id.rb:21:in `call'
  rack (1.5.2) lib/rack/methodoverride.rb:21:in `call'
  rack (1.5.2) lib/rack/runtime.rb:17:in `call'
  activesupport (4.0.2) lib/active_support/cache/strategy/local_cache.rb:83:in `call'
  rack (1.5.2) lib/rack/lock.rb:17:in `call'
  actionpack (4.0.2) lib/action_dispatch/middleware/static.rb:64:in `call'
  rack (1.5.2) lib/rack/sendfile.rb:112:in `call'
  railties (4.0.2) lib/rails/engine.rb:511:in `call'
  railties (4.0.2) lib/rails/application.rb:97:in `call'
  rack (1.5.2) lib/rack/lock.rb:17:in `call'
  rack (1.5.2) lib/rack/content_length.rb:14:in `call'
  rack (1.5.2) lib/rack/handler/webrick.rb:60:in `service'
  /home/lookmee/.rbenv/versions/2.0.0-p353/lib/ruby/2.0.0/webrick/httpserver.rb:138:in `service'
  /home/lookmee/.rbenv/versions/2.0.0-p353/lib/ruby/2.0.0/webrick/httpserver.rb:94:in `run'
  /home/lookmee/.rbenv/versions/2.0.0-p353/lib/ruby/2.0.0/webrick/server.rb:295:in `block in start_thread'


  Rendered /home/lookmee/.rbenv/versions/2.0.0-p353/lib/ruby/gems/2.0.0/gems/actionpack-4.0.2/lib/action_dispatch/middleware/templates/rescues/_trace.erb (27.5ms)
  Rendered /home/lookmee/.rbenv/versions/2.0.0-p353/lib/ruby/gems/2.0.0/gems/actionpack-4.0.2/lib/action_dispatch/middleware/templates/routes/_route.html.erb (2.2ms)
  Rendered /home/lookmee/.rbenv/versions/2.0.0-p353/lib/ruby/gems/2.0.0/gems/actionpack-4.0.2/lib/action_dispatch/middleware/templates/routes/_table.html.erb (3.3ms)
  Rendered /home/lookmee/.rbenv/versions/2.0.0-p353/lib/ruby/gems/2.0.0/gems/actionpack-4.0.2/lib/action_dispatch/middleware/templates/rescues/routing_error.erb within rescues/layout (51.7ms)


Started GET "/users/" for 127.0.0.1 at 2014-02-27 23:22:48 +0700

ActionController::RoutingError (No route matches [GET] "/users"):
  actionpack (4.0.2) lib/action_dispatch/middleware/debug_exceptions.rb:21:in `call'
  actionpack (4.0.2) lib/action_dispatch/middleware/show_exceptions.rb:30:in `call'
  railties (4.0.2) lib/rails/rack/logger.rb:38:in `call_app'
  railties (4.0.2) lib/rails/rack/logger.rb:20:in `block in call'
  activesupport (4.0.2) lib/active_support/tagged_logging.rb:67:in `block in tagged'
  activesupport (4.0.2) lib/active_support/tagged_logging.rb:25:in `tagged'
  activesupport (4.0.2) lib/active_support/tagged_logging.rb:67:in `tagged'
  railties (4.0.2) lib/rails/rack/logger.rb:20:in `call'
  actionpack (4.0.2) lib/action_dispatch/middleware/request_id.rb:21:in `call'
  rack (1.5.2) lib/rack/methodoverride.rb:21:in `call'
  rack (1.5.2) lib/rack/runtime.rb:17:in `call'
  activesupport (4.0.2) lib/active_support/cache/strategy/local_cache.rb:83:in `call'
  rack (1.5.2) lib/rack/lock.rb:17:in `call'
  actionpack (4.0.2) lib/action_dispatch/middleware/static.rb:64:in `call'
  rack (1.5.2) lib/rack/sendfile.rb:112:in `call'
  railties (4.0.2) lib/rails/engine.rb:511:in `call'
  railties (4.0.2) lib/rails/application.rb:97:in `call'
  rack (1.5.2) lib/rack/lock.rb:17:in `call'
  rack (1.5.2) lib/rack/content_length.rb:14:in `call'
  rack (1.5.2) lib/rack/handler/webrick.rb:60:in `service'
  /home/lookmee/.rbenv/versions/2.0.0-p353/lib/ruby/2.0.0/webrick/httpserver.rb:138:in `service'
  /home/lookmee/.rbenv/versions/2.0.0-p353/lib/ruby/2.0.0/webrick/httpserver.rb:94:in `run'
  /home/lookmee/.rbenv/versions/2.0.0-p353/lib/ruby/2.0.0/webrick/server.rb:295:in `block in start_thread'


  Rendered /home/lookmee/.rbenv/versions/2.0.0-p353/lib/ruby/gems/2.0.0/gems/actionpack-4.0.2/lib/action_dispatch/middleware/templates/rescues/_trace.erb (0.9ms)
  Rendered /home/lookmee/.rbenv/versions/2.0.0-p353/lib/ruby/gems/2.0.0/gems/actionpack-4.0.2/lib/action_dispatch/middleware/templates/routes/_route.html.erb (1.8ms)
  Rendered /home/lookmee/.rbenv/versions/2.0.0-p353/lib/ruby/gems/2.0.0/gems/actionpack-4.0.2/lib/action_dispatch/middleware/templates/routes/_table.html.erb (0.9ms)
  Rendered /home/lookmee/.rbenv/versions/2.0.0-p353/lib/ruby/gems/2.0.0/gems/actionpack-4.0.2/lib/action_dispatch/middleware/templates/rescues/routing_error.erb within rescues/layout (18.3ms)


Started GET "/users/sign_up" for 127.0.0.1 at 2014-02-27 23:22:51 +0700
Processing by Devise::RegistrationsController#new as HTML
  Rendered devise/registrations/new.html.erb within layouts/application (125.5ms)
Completed 500 Internal Server Error in 232ms

ActionView::Template::Error (undefined method `username' for #<User:0x007faaef3cd178>):
    3: <%= form_for(resource, :as => resource_name, :url => registration_path(resource_name)) do |f| %>
    4:   <%= devise_error_messages! %>
    5:   <div><%= f.label :username %><br />
    6:   <%= f.email_field :username, :autofocus => true %></div>
    7: 
    8:   <div><%= f.label :email %><br />
    9:   <%= f.email_field :email, :autofocus => true %></div>
  app/views/devise/registrations/new.html.erb:6:in `block in _app_views_devise_registrations_new_html_erb___4479387197446944988_70186067470080'
  app/views/devise/registrations/new.html.erb:3:in `_app_views_devise_registrations_new_html_erb___4479387197446944988_70186067470080'


  Rendered /home/lookmee/.rbenv/versions/2.0.0-p353/lib/ruby/gems/2.0.0/gems/actionpack-4.0.2/lib/action_dispatch/middleware/templates/rescues/_trace.erb (0.8ms)
  Rendered /home/lookmee/.rbenv/versions/2.0.0-p353/lib/ruby/gems/2.0.0/gems/actionpack-4.0.2/lib/action_dispatch/middleware/templates/rescues/_request_and_response.erb (0.9ms)
  Rendered /home/lookmee/.rbenv/versions/2.0.0-p353/lib/ruby/gems/2.0.0/gems/actionpack-4.0.2/lib/action_dispatch/middleware/templates/rescues/template_error.erb within rescues/layout (8.0ms)


Started GET "/users/sign_up" for 127.0.0.1 at 2014-02-27 23:24:33 +0700
Processing by Devise::RegistrationsController#new as HTML
  Rendered devise/registrations/new.html.erb within layouts/application (2.2ms)
Completed 500 Internal Server Error in 5ms

ActionView::Template::Error (undefined method `username' for #<User:0x007faaef29ea18>):
    3: <%= form_for(resource, :as => resource_name, :url => registration_path(resource_name)) do |f| %>
    4:   <%= devise_error_messages! %>
    5:   <div><%= f.label :username %><br />
    6:   <%= f.text_field :username, :autofocus => true %></div>
    7: 
    8:   <div><%= f.label :email %><br />
    9:   <%= f.email_field :email, :autofocus => true %></div>
  app/views/devise/registrations/new.html.erb:6:in `block in _app_views_devise_registrations_new_html_erb___4479387197446944988_70186066851720'
  app/views/devise/registrations/new.html.erb:3:in `_app_views_devise_registrations_new_html_erb___4479387197446944988_70186066851720'


  Rendered /home/lookmee/.rbenv/versions/2.0.0-p353/lib/ruby/gems/2.0.0/gems/actionpack-4.0.2/lib/action_dispatch/middleware/templates/rescues/_trace.erb (0.9ms)
  Rendered /home/lookmee/.rbenv/versions/2.0.0-p353/lib/ruby/gems/2.0.0/gems/actionpack-4.0.2/lib/action_dispatch/middleware/templates/rescues/_request_and_response.erb (0.7ms)
  Rendered /home/lookmee/.rbenv/versions/2.0.0-p353/lib/ruby/gems/2.0.0/gems/actionpack-4.0.2/lib/action_dispatch/middleware/templates/rescues/template_error.erb within rescues/layout (7.6ms)


Started GET "/users/sign_up" for 127.0.0.1 at 2014-02-27 23:31:03 +0700
Processing by Devise::RegistrationsController#new as HTML
  Rendered devise/registrations/new.html.erb within layouts/application (44.2ms)
Completed 500 Internal Server Error in 71ms

ActionView::Template::Error (undefined method `username' for #<User:0x007f7bb7188c58>):
    3: <%= form_for(resource, :as => resource_name, :url => registration_path(resource_name)) do |f| %>
    4:   <%= devise_error_messages! %>
    5:   <div><%= f.label :username %><br />
    6:   <%= f.text_field :username, :autofocus => true %></div>
    7: 
    8:   <div><%= f.label :email %><br />
    9:   <%= f.email_field :email, :autofocus => true %></div>
  app/views/devise/registrations/new.html.erb:6:in `block in _app_views_devise_registrations_new_html_erb___1789197427213379995_70084670554620'
  app/views/devise/registrations/new.html.erb:3:in `_app_views_devise_registrations_new_html_erb___1789197427213379995_70084670554620'


  Rendered /home/lookmee/.rbenv/versions/2.0.0-p353/lib/ruby/gems/2.0.0/gems/actionpack-4.0.2/lib/action_dispatch/middleware/templates/rescues/_trace.erb (0.9ms)
  Rendered /home/lookmee/.rbenv/versions/2.0.0-p353/lib/ruby/gems/2.0.0/gems/actionpack-4.0.2/lib/action_dispatch/middleware/templates/rescues/_request_and_response.erb (0.7ms)
  Rendered /home/lookmee/.rbenv/versions/2.0.0-p353/lib/ruby/gems/2.0.0/gems/actionpack-4.0.2/lib/action_dispatch/middleware/templates/rescues/template_error.erb within rescues/layout (7.6ms)


Started GET "/users/sign_up" for 127.0.0.1 at 2014-02-27 23:31:04 +0700
Processing by Devise::RegistrationsController#new as HTML
  Rendered devise/registrations/new.html.erb within layouts/application (1.6ms)
Completed 500 Internal Server Error in 5ms

ActionView::Template::Error (undefined method `username' for #<User:0x007f7bb8e858d8>):
    3: <%= form_for(resource, :as => resource_name, :url => registration_path(resource_name)) do |f| %>
    4:   <%= devise_error_messages! %>
    5:   <div><%= f.label :username %><br />
    6:   <%= f.text_field :username, :autofocus => true %></div>
    7: 
    8:   <div><%= f.label :email %><br />
    9:   <%= f.email_field :email, :autofocus => true %></div>
  app/views/devise/registrations/new.html.erb:6:in `block in _app_views_devise_registrations_new_html_erb___1789197427213379995_70084670554620'
  app/views/devise/registrations/new.html.erb:3:in `_app_views_devise_registrations_new_html_erb___1789197427213379995_70084670554620'


  Rendered /home/lookmee/.rbenv/versions/2.0.0-p353/lib/ruby/gems/2.0.0/gems/actionpack-4.0.2/lib/action_dispatch/middleware/templates/rescues/_trace.erb (1.1ms)
  Rendered /home/lookmee/.rbenv/versions/2.0.0-p353/lib/ruby/gems/2.0.0/gems/actionpack-4.0.2/lib/action_dispatch/middleware/templates/rescues/_request_and_response.erb (1.1ms)
  Rendered /home/lookmee/.rbenv/versions/2.0.0-p353/lib/ruby/gems/2.0.0/gems/actionpack-4.0.2/lib/action_dispatch/middleware/templates/rescues/template_error.erb within rescues/layout (8.7ms)


Started GET "/users/sign_up" for 127.0.0.1 at 2014-02-27 23:55:38 +0700
Processing by Devise::RegistrationsController#new as HTML
  Rendered devise/shared/_links.erb (1.2ms)
  Rendered devise/registrations/new.html.erb within layouts/application (102.9ms)
Completed 200 OK in 356ms (Views: 355.0ms)


Started GET "/assets/application.css?body=1" for 127.0.0.1 at 2014-02-27 23:55:39 +0700


Started GET "/assets/jquery.js?body=1" for 127.0.0.1 at 2014-02-27 23:55:39 +0700


Started GET "/assets/jquery_ujs.js?body=1" for 127.0.0.1 at 2014-02-27 23:55:39 +0700


Started GET "/assets/turbolinks.js?body=1" for 127.0.0.1 at 2014-02-27 23:55:39 +0700


Started GET "/assets/application.js?body=1" for 127.0.0.1 at 2014-02-27 23:55:39 +0700


Started GET "/users/sign_in" for 127.0.0.1 at 2014-02-27 23:55:50 +0700
Processing by Devise::SessionsController#new as HTML
  Rendered devise/shared/_links.erb (0.7ms)
  Rendered devise/sessions/new.html.erb within layouts/application (14.9ms)
Completed 200 OK in 19ms (Views: 18.2ms)


Started GET "/assets/application.css?body=1" for 127.0.0.1 at 2014-02-27 23:55:50 +0700


Started GET "/assets/jquery.js?body=1" for 127.0.0.1 at 2014-02-27 23:55:50 +0700


Started GET "/assets/turbolinks.js?body=1" for 127.0.0.1 at 2014-02-27 23:55:50 +0700


Started GET "/assets/jquery_ujs.js?body=1" for 127.0.0.1 at 2014-02-27 23:55:50 +0700


Started GET "/assets/application.js?body=1" for 127.0.0.1 at 2014-02-27 23:55:50 +0700
